<?xml version="1.0" encoding="UTF-8"?>
<!-- Generated by org.testng.reporters.JUnitReportReporter -->
<testsuite hostname="AvSom-J27" failures="3" tests="3" name="cucumberOptions.FailedTestNgTestRunner" time="60.079" errors="0" timestamp="2023-04-27T17:20:07 IST" skipped="0">
  <testcase classname="cucumberOptions.FailedTestNgTestRunner" name="runScenario" time="17.982">
    <failure message="Product does not exist in Offers page expected [Cucumber - 1 Kg] but found [No data]" type="java.lang.AssertionError">
      <![CDATA[java.lang.AssertionError: Product does not exist in Offers page expected [Cucumber - 1 Kg] but found [No data]
at org.testng.Assert.fail(Assert.java:99)
at org.testng.Assert.failNotEquals(Assert.java:1037)
at org.testng.Assert.assertEqualsImpl(Assert.java:140)
at org.testng.Assert.assertEquals(Assert.java:122)
at org.testng.Assert.assertEquals(Assert.java:629)
at stepDefinations.OffersPageStepDefination.validate_product_name_in_offers_page_with_landing_page(OffersPageStepDefination.java:47)
at ✽.Validate product name in offers page with landing page(file:///C:/Users/Advaith/Workspace/NewSelenium_workspace/CucumberProj_TestNG/src/test/java/features/GreenKart2.feature:8)
]]>
    </failure>
  </testcase> <!-- runScenario -->
  <system-out/>
  <testcase classname="cucumberOptions.FailedTestNgTestRunner" name="runScenario" time="20.348">
    <failure message="Product does not exist in Offers page expected [Mango - 1 Kg] but found [Mango]" type="java.lang.AssertionError">
      <![CDATA[java.lang.AssertionError: Product does not exist in Offers page expected [Mango - 1 Kg] but found [Mango]
at org.testng.Assert.fail(Assert.java:99)
at org.testng.Assert.failNotEquals(Assert.java:1037)
at org.testng.Assert.assertEqualsImpl(Assert.java:140)
at org.testng.Assert.assertEquals(Assert.java:122)
at org.testng.Assert.assertEquals(Assert.java:629)
at stepDefinations.OffersPageStepDefination.validate_product_name_in_offers_page_with_landing_page(OffersPageStepDefination.java:47)
at ✽.Validate product name in offers page with landing page(file:///C:/Users/Advaith/Workspace/NewSelenium_workspace/CucumberProj_TestNG/src/test/java/features/GreenKart2.feature:8)
]]>
    </failure>
  </testcase> <!-- runScenario -->
  <system-out/>
  <testcase classname="cucumberOptions.FailedTestNgTestRunner" name="runScenario" time="21.749">
    <failure message="Product does not exist in Offers page expected [Tomato - 1 Kg] but found [Tomato]" type="java.lang.AssertionError">
      <![CDATA[java.lang.AssertionError: Product does not exist in Offers page expected [Tomato - 1 Kg] but found [Tomato]
at org.testng.Assert.fail(Assert.java:99)
at org.testng.Assert.failNotEquals(Assert.java:1037)
at org.testng.Assert.assertEqualsImpl(Assert.java:140)
at org.testng.Assert.assertEquals(Assert.java:122)
at org.testng.Assert.assertEquals(Assert.java:629)
at stepDefinations.OffersPageStepDefination.validate_product_name_in_offers_page_with_landing_page(OffersPageStepDefination.java:47)
at ✽.Validate product name in offers page with landing page(file:///C:/Users/Advaith/Workspace/NewSelenium_workspace/CucumberProj_TestNG/src/test/java/features/GreenKart2.feature:8)
]]>
    </failure>
  </testcase> <!-- runScenario -->
  <system-out/>
</testsuite> <!-- cucumberOptions.FailedTestNgTestRunner -->
